nohup: ignoring input
=== 实验 1/5 开始 ===
[FULL模式] population=50, generations=20

=== 加载数据 ===
实体数量: src=2744, tgt=3304
  加载 biobert: shape=(2744, 3304), mean=0.7513, std=0.0710
  加载 pubmedbert: shape=(2744, 3304), mean=0.8564, std=0.0369
  加载 sapbert: shape=(2744, 3304), mean=0.3283, std=0.1421
  加载 bioelectra: shape=(2744, 3304), mean=0.5850, std=0.1729
  加载 scibert: shape=(2744, 3304), mean=0.6846, std=0.0930
  加载 clinicalbert: shape=(2744, 3304), mean=0.7798, std=0.0665
  加载 biogpt: shape=(2744, 3304), mean=0.2601, std=0.2014
  加载 biogpt_large: shape=(2744, 3304), mean=0.0967, std=0.2604
  加载 biomistral: shape=(2744, 3304), mean=0.3485, std=0.1496
  加载 biomedlm: shape=(2744, 3304), mean=0.3173, std=0.1953
  加载 pmcllama: shape=(2744, 3304), mean=0.1488, std=0.1666
  加载 distilbert: shape=(2744, 3304), mean=0.9229, std=0.0291
  加载 tinybert: shape=(2744, 3304), mean=0.9307, std=0.0373
  加载 umlsbert: shape=(2744, 3304), mean=0.5280, std=0.0792
  加载 biolinkbert: shape=(2744, 3304), mean=0.7563, std=0.1408
  加载 biomedbert: shape=(2744, 3304), mean=0.8597, std=0.0423
  加载 pubmedbert_emb: shape=(2744, 3304), mean=0.3016, std=0.1232
  加载 e5base: shape=(2744, 3304), mean=0.7853, std=0.0501
共加载 18 个相似度矩阵
加载层次关系...
  src: 2744实体, 2856条is-a, 1637条part-of
  tgt: 3304实体, 3761条is-a, 1662条part-of
加载标准对齐...
  标准对齐数量: 1516

=== 构建PSA ===
PSA构建完成: 207 个锚点对 (delta=1.0)

=== 开始GP进化 ===

==================================================
GP进化开始
种群大小=50, 最大代数=20
模型数=18, 过滤方法数=12
PSA大小=207
==================================================

Gen   1/20 | best=0.2848 | gen_best=0.2848 | mean=0.0327 | time=153.2s
Gen   2/20 | best=0.2848 | gen_best=0.2848 | mean=0.0536 | time=104.2s
Gen   3/20 | best=0.2856 | gen_best=0.2856 | mean=0.0707 | time=78.5s
Gen   4/20 | best=0.2856 | gen_best=0.2856 | mean=0.0825 | time=50.4s
Gen   5/20 | best=0.3329 | gen_best=0.3329 | mean=0.0834 | time=41.8s
Gen   6/20 | best=0.3329 | gen_best=0.3329 | mean=0.0964 | time=45.5s
Gen   7/20 | best=0.3329 | gen_best=0.3329 | mean=0.0990 | time=51.9s
Gen   8/20 | best=0.3329 | gen_best=0.3329 | mean=0.1143 | time=55.3s
Gen   9/20 | best=0.3723 | gen_best=0.3723 | mean=0.1607 | time=66.9s
Gen  10/20 | best=0.3723 | gen_best=0.3723 | mean=0.1732 | time=64.7s
Gen  11/20 | best=0.3723 | gen_best=0.3723 | mean=0.1950 | time=60.7s
Gen  12/20 | best=0.3749 | gen_best=0.3749 | mean=0.2112 | time=59.6s
Gen  13/20 | best=0.3749 | gen_best=0.3749 | mean=0.2213 | time=69.2s
Gen  14/20 | best=0.3749 | gen_best=0.3749 | mean=0.2287 | time=65.4s
Gen  15/20 | best=0.3749 | gen_best=0.3749 | mean=0.2306 | time=70.5s
Gen  16/20 | best=0.3749 | gen_best=0.3749 | mean=0.2278 | time=65.3s
Gen  17/20 | best=0.3749 | gen_best=0.3749 | mean=0.2309 | time=71.3s
Gen  18/20 | best=0.3749 | gen_best=0.3749 | mean=0.2396 | time=78.9s
Gen  19/20 | best=0.3749 | gen_best=0.3749 | mean=0.2258 | time=78.6s
Gen  20/20 | best=0.3749 | gen_best=0.3749 | mean=0.2361 | time=73.9s

进化完成，总耗时: 1642.7s
最优个体: Individual(fitness=0.3749, c_nodes=3, f_nodes=3, models=['pubmedbert_emb', 'e5base'])

最终评估结果（完整标准对齐）:
  Precision: 0.6958
  Recall:    0.5356
  F1:        0.6053

=== 最终评估 ===
Precision: 0.6958
Recall:    0.5356
F1:        0.6053

结果已保存: results/night_delta10_run1/results.json
=== 实验 1/5 完成 ===
=== 实验 2/5 开始 ===
[FULL模式] population=50, generations=20

=== 加载数据 ===
实体数量: src=2744, tgt=3304
  加载 biobert: shape=(2744, 3304), mean=0.7513, std=0.0710
  加载 pubmedbert: shape=(2744, 3304), mean=0.8564, std=0.0369
  加载 sapbert: shape=(2744, 3304), mean=0.3283, std=0.1421
  加载 bioelectra: shape=(2744, 3304), mean=0.5850, std=0.1729
  加载 scibert: shape=(2744, 3304), mean=0.6846, std=0.0930
  加载 clinicalbert: shape=(2744, 3304), mean=0.7798, std=0.0665
  加载 biogpt: shape=(2744, 3304), mean=0.2601, std=0.2014
  加载 biogpt_large: shape=(2744, 3304), mean=0.0967, std=0.2604
  加载 biomistral: shape=(2744, 3304), mean=0.3485, std=0.1496
  加载 biomedlm: shape=(2744, 3304), mean=0.3173, std=0.1953
  加载 pmcllama: shape=(2744, 3304), mean=0.1488, std=0.1666
  加载 distilbert: shape=(2744, 3304), mean=0.9229, std=0.0291
  加载 tinybert: shape=(2744, 3304), mean=0.9307, std=0.0373
  加载 umlsbert: shape=(2744, 3304), mean=0.5280, std=0.0792
  加载 biolinkbert: shape=(2744, 3304), mean=0.7563, std=0.1408
  加载 biomedbert: shape=(2744, 3304), mean=0.8597, std=0.0423
  加载 pubmedbert_emb: shape=(2744, 3304), mean=0.3016, std=0.1232
  加载 e5base: shape=(2744, 3304), mean=0.7853, std=0.0501
共加载 18 个相似度矩阵
加载层次关系...
  src: 2744实体, 2856条is-a, 1637条part-of
  tgt: 3304实体, 3761条is-a, 1662条part-of
加载标准对齐...
  标准对齐数量: 1516

=== 构建PSA ===
PSA构建完成: 207 个锚点对 (delta=1.0)

=== 开始GP进化 ===

==================================================
GP进化开始
种群大小=50, 最大代数=20
模型数=18, 过滤方法数=12
PSA大小=207
==================================================

Gen   1/20 | best=0.1951 | gen_best=0.1951 | mean=0.0390 | time=177.5s
Gen   2/20 | best=0.1951 | gen_best=0.1951 | mean=0.0689 | time=136.7s
Gen   3/20 | best=0.3546 | gen_best=0.3546 | mean=0.0898 | time=113.4s
Gen   4/20 | best=0.3546 | gen_best=0.3546 | mean=0.0884 | time=94.3s
Gen   5/20 | best=0.3599 | gen_best=0.3599 | mean=0.1364 | time=91.6s
Gen   6/20 | best=0.3599 | gen_best=0.3599 | mean=0.1494 | time=95.5s
Gen   7/20 | best=0.3599 | gen_best=0.3599 | mean=0.1617 | time=97.0s
Gen   8/20 | best=0.3599 | gen_best=0.3599 | mean=0.1898 | time=73.1s
Gen   9/20 | best=0.3599 | gen_best=0.3599 | mean=0.1861 | time=77.0s
Gen  10/20 | best=0.3623 | gen_best=0.3623 | mean=0.2036 | time=71.7s
Gen  11/20 | best=0.3623 | gen_best=0.3623 | mean=0.1937 | time=74.2s
Gen  12/20 | best=0.3860 | gen_best=0.3860 | mean=0.2063 | time=76.1s
Gen  13/20 | best=0.3860 | gen_best=0.3860 | mean=0.1940 | time=68.8s
Gen  14/20 | best=0.3860 | gen_best=0.3860 | mean=0.1807 | time=76.9s
Gen  15/20 | best=0.3860 | gen_best=0.3860 | mean=0.2072 | time=79.9s
Gen  16/20 | best=0.3860 | gen_best=0.3860 | mean=0.1949 | time=83.5s
Gen  17/20 | best=0.3860 | gen_best=0.3860 | mean=0.1957 | time=81.1s
Gen  18/20 | best=0.3860 | gen_best=0.3860 | mean=0.1838 | time=79.6s
Gen  19/20 | best=0.3860 | gen_best=0.3860 | mean=0.2054 | time=73.1s
Gen  20/20 | best=0.3860 | gen_best=0.3860 | mean=0.2075 | time=60.8s

进化完成，总耗时: 2010.2s
最优个体: Individual(fitness=0.3860, c_nodes=13, f_nodes=7, models=['pmcllama', 'scibert', 'biolinkbert', 'sapbert', 'biolinkbert', 'umlsbert', 'sapbert'])

最终评估结果（完整标准对齐）:
  Precision: 0.7206
  Recall:    0.5409
  F1:        0.6179

=== 最终评估 ===
Precision: 0.7206
Recall:    0.5409
F1:        0.6179

结果已保存: results/night_delta10_run2/results.json
=== 实验 2/5 完成 ===
=== 实验 3/5 开始 ===
[FULL模式] population=50, generations=20

=== 加载数据 ===
实体数量: src=2744, tgt=3304
  加载 biobert: shape=(2744, 3304), mean=0.7513, std=0.0710
  加载 pubmedbert: shape=(2744, 3304), mean=0.8564, std=0.0369
  加载 sapbert: shape=(2744, 3304), mean=0.3283, std=0.1421
  加载 bioelectra: shape=(2744, 3304), mean=0.5850, std=0.1729
  加载 scibert: shape=(2744, 3304), mean=0.6846, std=0.0930
  加载 clinicalbert: shape=(2744, 3304), mean=0.7798, std=0.0665
  加载 biogpt: shape=(2744, 3304), mean=0.2601, std=0.2014
  加载 biogpt_large: shape=(2744, 3304), mean=0.0967, std=0.2604
  加载 biomistral: shape=(2744, 3304), mean=0.3485, std=0.1496
  加载 biomedlm: shape=(2744, 3304), mean=0.3173, std=0.1953
  加载 pmcllama: shape=(2744, 3304), mean=0.1488, std=0.1666
  加载 distilbert: shape=(2744, 3304), mean=0.9229, std=0.0291
  加载 tinybert: shape=(2744, 3304), mean=0.9307, std=0.0373
  加载 umlsbert: shape=(2744, 3304), mean=0.5280, std=0.0792
  加载 biolinkbert: shape=(2744, 3304), mean=0.7563, std=0.1408
  加载 biomedbert: shape=(2744, 3304), mean=0.8597, std=0.0423
  加载 pubmedbert_emb: shape=(2744, 3304), mean=0.3016, std=0.1232
  加载 e5base: shape=(2744, 3304), mean=0.7853, std=0.0501
共加载 18 个相似度矩阵
加载层次关系...
  src: 2744实体, 2856条is-a, 1637条part-of
  tgt: 3304实体, 3761条is-a, 1662条part-of
加载标准对齐...
  标准对齐数量: 1516

=== 构建PSA ===
PSA构建完成: 207 个锚点对 (delta=1.0)

=== 开始GP进化 ===

==================================================
GP进化开始
种群大小=50, 最大代数=20
模型数=18, 过滤方法数=12
PSA大小=207
==================================================

Gen   1/20 | best=0.2338 | gen_best=0.2338 | mean=0.0421 | time=212.1s
Gen   2/20 | best=0.2338 | gen_best=0.2338 | mean=0.0523 | time=138.5s
Gen   3/20 | best=0.2547 | gen_best=0.2547 | mean=0.0886 | time=99.2s
Gen   4/20 | best=0.3219 | gen_best=0.3219 | mean=0.0964 | time=88.7s
Gen   5/20 | best=0.3544 | gen_best=0.3544 | mean=0.1338 | time=72.5s
Gen   6/20 | best=0.3577 | gen_best=0.3577 | mean=0.1691 | time=66.6s
Gen   7/20 | best=0.3577 | gen_best=0.3577 | mean=0.1947 | time=77.0s
Gen   8/20 | best=0.3856 | gen_best=0.3856 | mean=0.2153 | time=47.4s
Gen   9/20 | best=0.3856 | gen_best=0.3856 | mean=0.2335 | time=55.9s
Gen  10/20 | best=0.3924 | gen_best=0.3924 | mean=0.2604 | time=51.7s
Gen  11/20 | best=0.3924 | gen_best=0.3924 | mean=0.2687 | time=45.3s
Gen  12/20 | best=0.3924 | gen_best=0.3924 | mean=0.2599 | time=59.0s
Gen  13/20 | best=0.3924 | gen_best=0.3924 | mean=0.2630 | time=68.8s
Gen  14/20 | best=0.3967 | gen_best=0.3967 | mean=0.2759 | time=78.9s
Gen  15/20 | best=0.3967 | gen_best=0.3967 | mean=0.2840 | time=68.3s
Gen  16/20 | best=0.3967 | gen_best=0.3967 | mean=0.2859 | time=65.7s
Gen  17/20 | best=0.3967 | gen_best=0.3967 | mean=0.2769 | time=42.2s
Gen  18/20 | best=0.3967 | gen_best=0.3967 | mean=0.2659 | time=40.8s
Gen  19/20 | best=0.3967 | gen_best=0.3967 | mean=0.2769 | time=64.1s
Gen  20/20 | best=0.3967 | gen_best=0.3967 | mean=0.2658 | time=62.8s

进化完成，总耗时: 1775.8s
最优个体: Individual(fitness=0.3967, c_nodes=3, f_nodes=3, models=['clinicalbert', 'sapbert'])

最终评估结果（完整标准对齐）:
  Precision: 0.6673
  Recall:    0.6577
  F1:        0.6625

=== 最终评估 ===
Precision: 0.6673
Recall:    0.6577
F1:        0.6625

结果已保存: results/night_delta10_run3/results.json
=== 实验 3/5 完成 ===
=== 实验 4/5 开始 ===
[FULL模式] population=50, generations=20

=== 加载数据 ===
实体数量: src=2744, tgt=3304
  加载 biobert: shape=(2744, 3304), mean=0.7513, std=0.0710
  加载 pubmedbert: shape=(2744, 3304), mean=0.8564, std=0.0369
  加载 sapbert: shape=(2744, 3304), mean=0.3283, std=0.1421
  加载 bioelectra: shape=(2744, 3304), mean=0.5850, std=0.1729
  加载 scibert: shape=(2744, 3304), mean=0.6846, std=0.0930
  加载 clinicalbert: shape=(2744, 3304), mean=0.7798, std=0.0665
  加载 biogpt: shape=(2744, 3304), mean=0.2601, std=0.2014
  加载 biogpt_large: shape=(2744, 3304), mean=0.0967, std=0.2604
  加载 biomistral: shape=(2744, 3304), mean=0.3485, std=0.1496
  加载 biomedlm: shape=(2744, 3304), mean=0.3173, std=0.1953
  加载 pmcllama: shape=(2744, 3304), mean=0.1488, std=0.1666
  加载 distilbert: shape=(2744, 3304), mean=0.9229, std=0.0291
  加载 tinybert: shape=(2744, 3304), mean=0.9307, std=0.0373
  加载 umlsbert: shape=(2744, 3304), mean=0.5280, std=0.0792
  加载 biolinkbert: shape=(2744, 3304), mean=0.7563, std=0.1408
  加载 biomedbert: shape=(2744, 3304), mean=0.8597, std=0.0423
  加载 pubmedbert_emb: shape=(2744, 3304), mean=0.3016, std=0.1232
  加载 e5base: shape=(2744, 3304), mean=0.7853, std=0.0501
共加载 18 个相似度矩阵
加载层次关系...
  src: 2744实体, 2856条is-a, 1637条part-of
  tgt: 3304实体, 3761条is-a, 1662条part-of
加载标准对齐...
  标准对齐数量: 1516

=== 构建PSA ===
PSA构建完成: 207 个锚点对 (delta=1.0)

=== 开始GP进化 ===

==================================================
GP进化开始
种群大小=50, 最大代数=20
模型数=18, 过滤方法数=12
PSA大小=207
==================================================

Gen   1/20 | best=0.2859 | gen_best=0.2859 | mean=0.0714 | time=133.8s
Gen   2/20 | best=0.3318 | gen_best=0.3318 | mean=0.0804 | time=124.5s
Gen   3/20 | best=0.3681 | gen_best=0.3681 | mean=0.1066 | time=116.6s
Gen   4/20 | best=0.3681 | gen_best=0.3681 | mean=0.0984 | time=106.8s
Gen   5/20 | best=0.3681 | gen_best=0.3681 | mean=0.1064 | time=112.7s
Gen   6/20 | best=0.3681 | gen_best=0.3681 | mean=0.1444 | time=102.4s
Gen   7/20 | best=0.3681 | gen_best=0.3681 | mean=0.1675 | time=89.2s
Gen   8/20 | best=0.3681 | gen_best=0.3681 | mean=0.1399 | time=82.3s
Gen   9/20 | best=0.3681 | gen_best=0.3681 | mean=0.1556 | time=69.3s
Gen  10/20 | best=0.3681 | gen_best=0.3681 | mean=0.1408 | time=43.8s
Gen  11/20 | best=0.3681 | gen_best=0.3681 | mean=0.1321 | time=46.3s
Gen  12/20 | best=0.3681 | gen_best=0.3681 | mean=0.1470 | time=46.3s
Gen  13/20 | best=0.3681 | gen_best=0.3681 | mean=0.1599 | time=43.9s
Gen  14/20 | best=0.3681 | gen_best=0.3681 | mean=0.2003 | time=52.8s
Gen  15/20 | best=0.3681 | gen_best=0.3681 | mean=0.1716 | time=56.2s
Gen  16/20 | best=0.3681 | gen_best=0.3681 | mean=0.1744 | time=51.9s
Gen  17/20 | best=0.3681 | gen_best=0.3681 | mean=0.2262 | time=56.9s
Gen  18/20 | best=0.3681 | gen_best=0.3681 | mean=0.2102 | time=53.3s
Gen  19/20 | best=0.3681 | gen_best=0.3681 | mean=0.2059 | time=59.9s
Gen  20/20 | best=0.3681 | gen_best=0.3681 | mean=0.2285 | time=62.8s

进化完成，总耗时: 1745.2s
最优个体: Individual(fitness=0.3681, c_nodes=13, f_nodes=5, models=['tinybert', 'biomistral', 'tinybert', 'pubmedbert', 'pubmedbert_emb', 'umlsbert', 'e5base'])

最终评估结果（完整标准对齐）:
  Precision: 0.6266
  Recall:    0.5092
  F1:        0.5619

=== 最终评估 ===
Precision: 0.6266
Recall:    0.5092
F1:        0.5619

结果已保存: results/night_delta10_run4/results.json
=== 实验 4/5 完成 ===
=== 实验 5/5 开始 ===
[FULL模式] population=50, generations=20

=== 加载数据 ===
实体数量: src=2744, tgt=3304
  加载 biobert: shape=(2744, 3304), mean=0.7513, std=0.0710
  加载 pubmedbert: shape=(2744, 3304), mean=0.8564, std=0.0369
  加载 sapbert: shape=(2744, 3304), mean=0.3283, std=0.1421
  加载 bioelectra: shape=(2744, 3304), mean=0.5850, std=0.1729
  加载 scibert: shape=(2744, 3304), mean=0.6846, std=0.0930
  加载 clinicalbert: shape=(2744, 3304), mean=0.7798, std=0.0665
  加载 biogpt: shape=(2744, 3304), mean=0.2601, std=0.2014
  加载 biogpt_large: shape=(2744, 3304), mean=0.0967, std=0.2604
  加载 biomistral: shape=(2744, 3304), mean=0.3485, std=0.1496
  加载 biomedlm: shape=(2744, 3304), mean=0.3173, std=0.1953
  加载 pmcllama: shape=(2744, 3304), mean=0.1488, std=0.1666
  加载 distilbert: shape=(2744, 3304), mean=0.9229, std=0.0291
  加载 tinybert: shape=(2744, 3304), mean=0.9307, std=0.0373
  加载 umlsbert: shape=(2744, 3304), mean=0.5280, std=0.0792
  加载 biolinkbert: shape=(2744, 3304), mean=0.7563, std=0.1408
  加载 biomedbert: shape=(2744, 3304), mean=0.8597, std=0.0423
  加载 pubmedbert_emb: shape=(2744, 3304), mean=0.3016, std=0.1232
  加载 e5base: shape=(2744, 3304), mean=0.7853, std=0.0501
共加载 18 个相似度矩阵
加载层次关系...
  src: 2744实体, 2856条is-a, 1637条part-of
  tgt: 3304实体, 3761条is-a, 1662条part-of
加载标准对齐...
  标准对齐数量: 1516

=== 构建PSA ===
PSA构建完成: 207 个锚点对 (delta=1.0)

=== 开始GP进化 ===

==================================================
GP进化开始
种群大小=50, 最大代数=20
模型数=18, 过滤方法数=12
PSA大小=207
==================================================

Gen   1/20 | best=0.3073 | gen_best=0.3073 | mean=0.0633 | time=148.2s
Gen   2/20 | best=0.3073 | gen_best=0.3073 | mean=0.0696 | time=128.0s
Gen   3/20 | best=0.3073 | gen_best=0.3073 | mean=0.0762 | time=172.9s
Gen   4/20 | best=0.3073 | gen_best=0.3073 | mean=0.0848 | time=145.6s
Gen   5/20 | best=0.3073 | gen_best=0.3073 | mean=0.1031 | time=142.0s
Gen   6/20 | best=0.3073 | gen_best=0.3073 | mean=0.1072 | time=144.1s
Gen   7/20 | best=0.3174 | gen_best=0.3174 | mean=0.1022 | time=167.9s
Gen   8/20 | best=0.3174 | gen_best=0.3174 | mean=0.0938 | time=123.6s
Gen   9/20 | best=0.3174 | gen_best=0.3174 | mean=0.0942 | time=125.9s
Gen  10/20 | best=0.3174 | gen_best=0.3174 | mean=0.1059 | time=130.4s
Gen  11/20 | best=0.3292 | gen_best=0.3292 | mean=0.1343 | time=112.3s
Gen  12/20 | best=0.3292 | gen_best=0.3292 | mean=0.1259 | time=95.0s
Gen  13/20 | best=0.3292 | gen_best=0.3292 | mean=0.1470 | time=60.6s
Gen  14/20 | best=0.3292 | gen_best=0.3292 | mean=0.1272 | time=35.1s
Gen  15/20 | best=0.3292 | gen_best=0.3292 | mean=0.1287 | time=31.4s
Gen  16/20 | best=0.3292 | gen_best=0.3292 | mean=0.1638 | time=26.4s
Gen  17/20 | best=0.3292 | gen_best=0.3292 | mean=0.1523 | time=20.1s
Gen  18/20 | best=0.3292 | gen_best=0.3292 | mean=0.1773 | time=15.9s
Gen  19/20 | best=0.3292 | gen_best=0.3292 | mean=0.1551 | time=17.7s
Gen  20/20 | best=0.3292 | gen_best=0.3292 | mean=0.1462 | time=17.3s

进化完成，总耗时: 2077.3s
最优个体: Individual(fitness=0.3292, c_nodes=7, f_nodes=1, models=['biogpt_large', 'sapbert', 'biolinkbert', 'pubmedbert'])

最终评估结果（完整标准对齐）:
  Precision: 0.7137
  Recall:    0.3635
  F1:        0.4816

=== 最终评估 ===
Precision: 0.7137
Recall:    0.3635
F1:        0.4816

结果已保存: results/night_delta10_run5/results.json
=== 实验 5/5 完成 ===
