nohup: ignoring input
=== 实验 1/5 开始 ===
[FULL模式] population=50, generations=20

=== 加载数据 ===
实体数量: src=2744, tgt=3304
  加载 biobert: shape=(2744, 3304), mean=0.7513, std=0.0710
  加载 pubmedbert: shape=(2744, 3304), mean=0.8564, std=0.0369
  加载 sapbert: shape=(2744, 3304), mean=0.3283, std=0.1421
  加载 bioelectra: shape=(2744, 3304), mean=0.5850, std=0.1729
  加载 scibert: shape=(2744, 3304), mean=0.6846, std=0.0930
  加载 clinicalbert: shape=(2744, 3304), mean=0.7798, std=0.0665
  加载 biogpt: shape=(2744, 3304), mean=0.2601, std=0.2014
  加载 biogpt_large: shape=(2744, 3304), mean=0.0967, std=0.2604
  加载 biomistral: shape=(2744, 3304), mean=0.3485, std=0.1496
  加载 biomedlm: shape=(2744, 3304), mean=0.3173, std=0.1953
  加载 pmcllama: shape=(2744, 3304), mean=0.1488, std=0.1666
  加载 distilbert: shape=(2744, 3304), mean=0.9229, std=0.0291
  加载 tinybert: shape=(2744, 3304), mean=0.9307, std=0.0373
  加载 umlsbert: shape=(2744, 3304), mean=0.5280, std=0.0792
  加载 biolinkbert: shape=(2744, 3304), mean=0.7563, std=0.1408
  加载 biomedbert: shape=(2744, 3304), mean=0.8597, std=0.0423
  加载 pubmedbert_emb: shape=(2744, 3304), mean=0.3016, std=0.1232
  加载 e5base: shape=(2744, 3304), mean=0.7853, std=0.0501
共加载 18 个相似度矩阵
加载层次关系...
  src: 2744实体, 2856条is-a, 1637条part-of
  tgt: 3304实体, 3761条is-a, 1662条part-of
加载标准对齐...
  标准对齐数量: 1516

=== 构建PSA ===
PSA构建完成: 207 个锚点对 (delta=1.0)

=== 开始GP进化 ===

==================================================
GP进化开始
种群大小=50, 最大代数=20
模型数=18, 过滤方法数=12
PSA大小=207
==================================================

加入 10 个种子个体
Gen   1/20 | best=0.3888 | gen_best=0.3888 | mean=0.1219 | time=104.8s
Gen   2/20 | best=0.3888 | gen_best=0.3888 | mean=0.1710 | time=60.6s
Gen   3/20 | best=0.3888 | gen_best=0.3888 | mean=0.2020 | time=44.2s
Gen   4/20 | best=0.3967 | gen_best=0.3967 | mean=0.2539 | time=43.7s
Gen   5/20 | best=0.3967 | gen_best=0.3967 | mean=0.2749 | time=29.4s
Gen   6/20 | best=0.3967 | gen_best=0.3967 | mean=0.2985 | time=31.1s
Gen   7/20 | best=0.3967 | gen_best=0.3967 | mean=0.3066 | time=34.8s
Gen   8/20 | best=0.3967 | gen_best=0.3967 | mean=0.2798 | time=46.7s
Gen   9/20 | best=0.3967 | gen_best=0.3967 | mean=0.2584 | time=42.3s
Gen  10/20 | best=0.3967 | gen_best=0.3967 | mean=0.2707 | time=54.3s
Gen  11/20 | best=0.3982 | gen_best=0.3982 | mean=0.2419 | time=57.6s
Gen  12/20 | best=0.3982 | gen_best=0.3982 | mean=0.2681 | time=65.2s
Gen  13/20 | best=0.3982 | gen_best=0.3982 | mean=0.2493 | time=46.2s
Gen  14/20 | best=0.3982 | gen_best=0.3982 | mean=0.2535 | time=62.5s
Gen  15/20 | best=0.3982 | gen_best=0.3982 | mean=0.2501 | time=64.4s
Gen  16/20 | best=0.3982 | gen_best=0.3982 | mean=0.2631 | time=54.4s
Gen  17/20 | best=0.3982 | gen_best=0.3982 | mean=0.2844 | time=46.5s
Gen  18/20 | best=0.3982 | gen_best=0.3982 | mean=0.2590 | time=47.1s
Gen  19/20 | best=0.3982 | gen_best=0.3982 | mean=0.2508 | time=46.6s
Gen  20/20 | best=0.3982 | gen_best=0.3982 | mean=0.2865 | time=39.6s

进化完成，总耗时: 1223.0s
最优个体: Individual(fitness=0.3982, c_nodes=3, f_nodes=3, models=['e5base', 'clinicalbert'])

最终评估结果（完整标准对齐）:
  Precision: 0.7860
  Recall:    0.2883
  F1:        0.4218

=== 最终评估 ===
Precision: 0.7860
Recall:    0.2883
F1:        0.4218

结果已保存: results/seed_run21/results.json
=== 实验 1/5 完成 ===
=== 实验 2/5 开始 ===
[FULL模式] population=50, generations=20

=== 加载数据 ===
实体数量: src=2744, tgt=3304
  加载 biobert: shape=(2744, 3304), mean=0.7513, std=0.0710
  加载 pubmedbert: shape=(2744, 3304), mean=0.8564, std=0.0369
  加载 sapbert: shape=(2744, 3304), mean=0.3283, std=0.1421
  加载 bioelectra: shape=(2744, 3304), mean=0.5850, std=0.1729
  加载 scibert: shape=(2744, 3304), mean=0.6846, std=0.0930
  加载 clinicalbert: shape=(2744, 3304), mean=0.7798, std=0.0665
  加载 biogpt: shape=(2744, 3304), mean=0.2601, std=0.2014
  加载 biogpt_large: shape=(2744, 3304), mean=0.0967, std=0.2604
  加载 biomistral: shape=(2744, 3304), mean=0.3485, std=0.1496
  加载 biomedlm: shape=(2744, 3304), mean=0.3173, std=0.1953
  加载 pmcllama: shape=(2744, 3304), mean=0.1488, std=0.1666
  加载 distilbert: shape=(2744, 3304), mean=0.9229, std=0.0291
  加载 tinybert: shape=(2744, 3304), mean=0.9307, std=0.0373
  加载 umlsbert: shape=(2744, 3304), mean=0.5280, std=0.0792
  加载 biolinkbert: shape=(2744, 3304), mean=0.7563, std=0.1408
  加载 biomedbert: shape=(2744, 3304), mean=0.8597, std=0.0423
  加载 pubmedbert_emb: shape=(2744, 3304), mean=0.3016, std=0.1232
  加载 e5base: shape=(2744, 3304), mean=0.7853, std=0.0501
共加载 18 个相似度矩阵
加载层次关系...
  src: 2744实体, 2856条is-a, 1637条part-of
  tgt: 3304实体, 3761条is-a, 1662条part-of
加载标准对齐...
  标准对齐数量: 1516

=== 构建PSA ===
PSA构建完成: 207 个锚点对 (delta=1.0)

=== 开始GP进化 ===

==================================================
GP进化开始
种群大小=50, 最大代数=20
模型数=18, 过滤方法数=12
PSA大小=207
==================================================

加入 10 个种子个体
Gen   1/20 | best=0.3888 | gen_best=0.3888 | mean=0.1466 | time=90.0s
Gen   2/20 | best=0.3888 | gen_best=0.3888 | mean=0.2115 | time=47.5s
Gen   3/20 | best=0.3888 | gen_best=0.3888 | mean=0.2344 | time=36.9s
Gen   4/20 | best=0.3924 | gen_best=0.3924 | mean=0.2570 | time=30.2s
Gen   5/20 | best=0.3924 | gen_best=0.3924 | mean=0.2698 | time=28.7s
Gen   6/20 | best=0.3924 | gen_best=0.3924 | mean=0.2853 | time=35.2s
Gen   7/20 | best=0.3924 | gen_best=0.3924 | mean=0.2600 | time=43.8s
Gen   8/20 | best=0.3924 | gen_best=0.3924 | mean=0.2578 | time=30.9s
Gen   9/20 | best=0.3924 | gen_best=0.3924 | mean=0.2621 | time=37.7s
Gen  10/20 | best=0.3924 | gen_best=0.3924 | mean=0.2650 | time=39.3s
Gen  11/20 | best=0.3924 | gen_best=0.3924 | mean=0.2869 | time=38.1s
Gen  12/20 | best=0.3924 | gen_best=0.3924 | mean=0.2956 | time=33.3s
Gen  13/20 | best=0.3924 | gen_best=0.3924 | mean=0.2639 | time=36.3s
Gen  14/20 | best=0.3924 | gen_best=0.3924 | mean=0.2494 | time=35.3s
Gen  15/20 | best=0.3924 | gen_best=0.3924 | mean=0.2181 | time=51.6s
Gen  16/20 | best=0.3924 | gen_best=0.3924 | mean=0.2598 | time=36.6s
Gen  17/20 | best=0.3924 | gen_best=0.3924 | mean=0.2430 | time=48.5s
Gen  18/20 | best=0.3924 | gen_best=0.3924 | mean=0.2552 | time=39.2s
Gen  19/20 | best=0.3924 | gen_best=0.3924 | mean=0.2864 | time=47.3s
Gen  20/20 | best=0.3924 | gen_best=0.3924 | mean=0.2721 | time=49.5s

进化完成，总耗时: 1022.9s
最优个体: Individual(fitness=0.3924, c_nodes=3, f_nodes=3, models=['sapbert', 'distilbert'])

最终评估结果（完整标准对齐）:
  Precision: 0.6426
  Recall:    0.6583
  F1:        0.6504

=== 最终评估 ===
Precision: 0.6426
Recall:    0.6583
F1:        0.6504

结果已保存: results/seed_run22/results.json
=== 实验 2/5 完成 ===
=== 实验 3/5 开始 ===
[FULL模式] population=50, generations=20

=== 加载数据 ===
实体数量: src=2744, tgt=3304
  加载 biobert: shape=(2744, 3304), mean=0.7513, std=0.0710
  加载 pubmedbert: shape=(2744, 3304), mean=0.8564, std=0.0369
  加载 sapbert: shape=(2744, 3304), mean=0.3283, std=0.1421
  加载 bioelectra: shape=(2744, 3304), mean=0.5850, std=0.1729
  加载 scibert: shape=(2744, 3304), mean=0.6846, std=0.0930
  加载 clinicalbert: shape=(2744, 3304), mean=0.7798, std=0.0665
  加载 biogpt: shape=(2744, 3304), mean=0.2601, std=0.2014
  加载 biogpt_large: shape=(2744, 3304), mean=0.0967, std=0.2604
  加载 biomistral: shape=(2744, 3304), mean=0.3485, std=0.1496
  加载 biomedlm: shape=(2744, 3304), mean=0.3173, std=0.1953
  加载 pmcllama: shape=(2744, 3304), mean=0.1488, std=0.1666
  加载 distilbert: shape=(2744, 3304), mean=0.9229, std=0.0291
  加载 tinybert: shape=(2744, 3304), mean=0.9307, std=0.0373
  加载 umlsbert: shape=(2744, 3304), mean=0.5280, std=0.0792
  加载 biolinkbert: shape=(2744, 3304), mean=0.7563, std=0.1408
  加载 biomedbert: shape=(2744, 3304), mean=0.8597, std=0.0423
  加载 pubmedbert_emb: shape=(2744, 3304), mean=0.3016, std=0.1232
  加载 e5base: shape=(2744, 3304), mean=0.7853, std=0.0501
共加载 18 个相似度矩阵
加载层次关系...
  src: 2744实体, 2856条is-a, 1637条part-of
  tgt: 3304实体, 3761条is-a, 1662条part-of
加载标准对齐...
  标准对齐数量: 1516

=== 构建PSA ===
PSA构建完成: 207 个锚点对 (delta=1.0)

=== 开始GP进化 ===

==================================================
GP进化开始
种群大小=50, 最大代数=20
模型数=18, 过滤方法数=12
PSA大小=207
==================================================

加入 10 个种子个体
Gen   1/20 | best=0.3888 | gen_best=0.3888 | mean=0.1480 | time=100.9s
Gen   2/20 | best=0.3888 | gen_best=0.3888 | mean=0.1867 | time=42.9s
Gen   3/20 | best=0.3888 | gen_best=0.3888 | mean=0.2367 | time=31.9s
Gen   4/20 | best=0.3924 | gen_best=0.3924 | mean=0.2678 | time=33.2s
Gen   5/20 | best=0.3924 | gen_best=0.3924 | mean=0.2821 | time=51.8s
Gen   6/20 | best=0.3967 | gen_best=0.3967 | mean=0.2961 | time=42.4s
Gen   7/20 | best=0.3967 | gen_best=0.3967 | mean=0.2901 | time=37.6s
Gen   8/20 | best=0.3967 | gen_best=0.3967 | mean=0.2670 | time=47.9s
Gen   9/20 | best=0.3967 | gen_best=0.3967 | mean=0.2659 | time=43.1s
Gen  10/20 | best=0.3967 | gen_best=0.3967 | mean=0.2662 | time=41.4s
Gen  11/20 | best=0.3967 | gen_best=0.3967 | mean=0.2702 | time=32.7s
Gen  12/20 | best=0.3967 | gen_best=0.3967 | mean=0.2297 | time=42.9s
Gen  13/20 | best=0.3967 | gen_best=0.3967 | mean=0.2297 | time=48.1s
Gen  14/20 | best=0.3967 | gen_best=0.3967 | mean=0.2167 | time=53.9s
Gen  15/20 | best=0.3967 | gen_best=0.3967 | mean=0.2464 | time=60.4s
Gen  16/20 | best=0.3967 | gen_best=0.3967 | mean=0.2089 | time=48.2s
Gen  17/20 | best=0.3967 | gen_best=0.3967 | mean=0.2070 | time=56.3s
Gen  18/20 | best=0.3967 | gen_best=0.3967 | mean=0.2133 | time=50.2s
Gen  19/20 | best=0.3967 | gen_best=0.3967 | mean=0.1921 | time=65.9s
Gen  20/20 | best=0.3967 | gen_best=0.3967 | mean=0.2074 | time=65.1s

进化完成，总耗时: 1160.3s
最优个体: Individual(fitness=0.3967, c_nodes=3, f_nodes=3, models=['sapbert', 'clinicalbert'])

最终评估结果（完整标准对齐）:
  Precision: 0.6673
  Recall:    0.6577
  F1:        0.6625

=== 最终评估 ===
Precision: 0.6673
Recall:    0.6577
F1:        0.6625

结果已保存: results/seed_run23/results.json
=== 实验 3/5 完成 ===
=== 实验 4/5 开始 ===
[FULL模式] population=50, generations=20

=== 加载数据 ===
实体数量: src=2744, tgt=3304
  加载 biobert: shape=(2744, 3304), mean=0.7513, std=0.0710
  加载 pubmedbert: shape=(2744, 3304), mean=0.8564, std=0.0369
  加载 sapbert: shape=(2744, 3304), mean=0.3283, std=0.1421
  加载 bioelectra: shape=(2744, 3304), mean=0.5850, std=0.1729
  加载 scibert: shape=(2744, 3304), mean=0.6846, std=0.0930
  加载 clinicalbert: shape=(2744, 3304), mean=0.7798, std=0.0665
  加载 biogpt: shape=(2744, 3304), mean=0.2601, std=0.2014
  加载 biogpt_large: shape=(2744, 3304), mean=0.0967, std=0.2604
  加载 biomistral: shape=(2744, 3304), mean=0.3485, std=0.1496
  加载 biomedlm: shape=(2744, 3304), mean=0.3173, std=0.1953
  加载 pmcllama: shape=(2744, 3304), mean=0.1488, std=0.1666
  加载 distilbert: shape=(2744, 3304), mean=0.9229, std=0.0291
  加载 tinybert: shape=(2744, 3304), mean=0.9307, std=0.0373
  加载 umlsbert: shape=(2744, 3304), mean=0.5280, std=0.0792
  加载 biolinkbert: shape=(2744, 3304), mean=0.7563, std=0.1408
  加载 biomedbert: shape=(2744, 3304), mean=0.8597, std=0.0423
  加载 pubmedbert_emb: shape=(2744, 3304), mean=0.3016, std=0.1232
  加载 e5base: shape=(2744, 3304), mean=0.7853, std=0.0501
共加载 18 个相似度矩阵
加载层次关系...
  src: 2744实体, 2856条is-a, 1637条part-of
  tgt: 3304实体, 3761条is-a, 1662条part-of
加载标准对齐...
  标准对齐数量: 1516

=== 构建PSA ===
PSA构建完成: 207 个锚点对 (delta=1.0)

=== 开始GP进化 ===

==================================================
GP进化开始
种群大小=50, 最大代数=20
模型数=18, 过滤方法数=12
PSA大小=207
==================================================

加入 10 个种子个体
Gen   1/20 | best=0.3888 | gen_best=0.3888 | mean=0.1313 | time=130.8s
Gen   2/20 | best=0.3888 | gen_best=0.3888 | mean=0.1833 | time=75.5s
Gen   3/20 | best=0.3888 | gen_best=0.3888 | mean=0.2339 | time=47.4s
Gen   4/20 | best=0.3888 | gen_best=0.3888 | mean=0.2350 | time=38.0s
Gen   5/20 | best=0.3888 | gen_best=0.3888 | mean=0.2814 | time=38.5s
Gen   6/20 | best=0.3888 | gen_best=0.3888 | mean=0.2807 | time=44.9s
Gen   7/20 | best=0.3888 | gen_best=0.3888 | mean=0.2830 | time=26.2s
Gen   8/20 | best=0.3916 | gen_best=0.3916 | mean=0.3036 | time=30.9s
Gen   9/20 | best=0.3916 | gen_best=0.3916 | mean=0.2854 | time=37.9s
Gen  10/20 | best=0.3916 | gen_best=0.3916 | mean=0.2898 | time=32.2s
Gen  11/20 | best=0.3967 | gen_best=0.3967 | mean=0.2935 | time=29.7s
Gen  12/20 | best=0.3967 | gen_best=0.3967 | mean=0.2755 | time=45.0s
Gen  13/20 | best=0.3967 | gen_best=0.3967 | mean=0.2793 | time=40.1s
Gen  14/20 | best=0.3967 | gen_best=0.3967 | mean=0.3008 | time=25.2s
Gen  15/20 | best=0.3967 | gen_best=0.3967 | mean=0.2819 | time=32.3s
Gen  16/20 | best=0.3967 | gen_best=0.3967 | mean=0.2535 | time=50.5s
Gen  17/20 | best=0.3967 | gen_best=0.3967 | mean=0.2536 | time=34.1s
Gen  18/20 | best=0.3967 | gen_best=0.3967 | mean=0.2427 | time=43.1s
Gen  19/20 | best=0.3967 | gen_best=0.3967 | mean=0.2886 | time=38.9s
Gen  20/20 | best=0.3967 | gen_best=0.3967 | mean=0.2625 | time=44.0s

进化完成，总耗时: 1062.7s
最优个体: Individual(fitness=0.3967, c_nodes=3, f_nodes=3, models=['sapbert', 'clinicalbert'])

最终评估结果（完整标准对齐）:
  Precision: 0.6673
  Recall:    0.6577
  F1:        0.6625

=== 最终评估 ===
Precision: 0.6673
Recall:    0.6577
F1:        0.6625

结果已保存: results/seed_run24/results.json
=== 实验 4/5 完成 ===
=== 实验 5/5 开始 ===
[FULL模式] population=50, generations=20

=== 加载数据 ===
实体数量: src=2744, tgt=3304
  加载 biobert: shape=(2744, 3304), mean=0.7513, std=0.0710
  加载 pubmedbert: shape=(2744, 3304), mean=0.8564, std=0.0369
  加载 sapbert: shape=(2744, 3304), mean=0.3283, std=0.1421
  加载 bioelectra: shape=(2744, 3304), mean=0.5850, std=0.1729
  加载 scibert: shape=(2744, 3304), mean=0.6846, std=0.0930
  加载 clinicalbert: shape=(2744, 3304), mean=0.7798, std=0.0665
  加载 biogpt: shape=(2744, 3304), mean=0.2601, std=0.2014
  加载 biogpt_large: shape=(2744, 3304), mean=0.0967, std=0.2604
  加载 biomistral: shape=(2744, 3304), mean=0.3485, std=0.1496
  加载 biomedlm: shape=(2744, 3304), mean=0.3173, std=0.1953
  加载 pmcllama: shape=(2744, 3304), mean=0.1488, std=0.1666
  加载 distilbert: shape=(2744, 3304), mean=0.9229, std=0.0291
  加载 tinybert: shape=(2744, 3304), mean=0.9307, std=0.0373
  加载 umlsbert: shape=(2744, 3304), mean=0.5280, std=0.0792
  加载 biolinkbert: shape=(2744, 3304), mean=0.7563, std=0.1408
  加载 biomedbert: shape=(2744, 3304), mean=0.8597, std=0.0423
  加载 pubmedbert_emb: shape=(2744, 3304), mean=0.3016, std=0.1232
  加载 e5base: shape=(2744, 3304), mean=0.7853, std=0.0501
共加载 18 个相似度矩阵
加载层次关系...
  src: 2744实体, 2856条is-a, 1637条part-of
  tgt: 3304实体, 3761条is-a, 1662条part-of
加载标准对齐...
  标准对齐数量: 1516

=== 构建PSA ===
PSA构建完成: 207 个锚点对 (delta=1.0)

=== 开始GP进化 ===

==================================================
GP进化开始
种群大小=50, 最大代数=20
模型数=18, 过滤方法数=12
PSA大小=207
==================================================

加入 10 个种子个体
Gen   1/20 | best=0.3888 | gen_best=0.3888 | mean=0.0918 | time=159.3s
Gen   2/20 | best=0.3924 | gen_best=0.3924 | mean=0.1362 | time=108.0s
Gen   3/20 | best=0.3924 | gen_best=0.3924 | mean=0.2235 | time=46.5s
Gen   4/20 | best=0.3924 | gen_best=0.3924 | mean=0.2740 | time=30.8s
Gen   5/20 | best=0.3924 | gen_best=0.3924 | mean=0.2461 | time=50.2s
Gen   6/20 | best=0.3924 | gen_best=0.3924 | mean=0.2654 | time=35.2s
Gen   7/20 | best=0.3924 | gen_best=0.3924 | mean=0.2778 | time=49.7s
Gen   8/20 | best=0.3924 | gen_best=0.3924 | mean=0.2689 | time=56.1s
Gen   9/20 | best=0.3924 | gen_best=0.3924 | mean=0.2875 | time=42.9s
Gen  10/20 | best=0.3924 | gen_best=0.3924 | mean=0.2786 | time=46.3s
Gen  11/20 | best=0.3924 | gen_best=0.3924 | mean=0.2964 | time=43.9s
Gen  12/20 | best=0.3924 | gen_best=0.3924 | mean=0.2532 | time=35.8s
Gen  13/20 | best=0.3924 | gen_best=0.3924 | mean=0.2686 | time=43.6s
Gen  14/20 | best=0.3967 | gen_best=0.3967 | mean=0.2691 | time=32.7s
Gen  15/20 | best=0.3967 | gen_best=0.3967 | mean=0.2676 | time=44.6s
Gen  16/20 | best=0.3967 | gen_best=0.3967 | mean=0.2885 | time=36.1s
Gen  17/20 | best=0.3967 | gen_best=0.3967 | mean=0.2790 | time=34.1s
Gen  18/20 | best=0.3967 | gen_best=0.3967 | mean=0.2780 | time=47.7s
Gen  19/20 | best=0.3982 | gen_best=0.3982 | mean=0.2440 | time=37.7s
Gen  20/20 | best=0.3982 | gen_best=0.3982 | mean=0.2369 | time=54.2s

进化完成，总耗时: 1251.5s
最优个体: Individual(fitness=0.3982, c_nodes=3, f_nodes=3, models=['e5base', 'clinicalbert'])

最终评估结果（完整标准对齐）:
  Precision: 0.7860
  Recall:    0.2883
  F1:        0.4218

=== 最终评估 ===
Precision: 0.7860
Recall:    0.2883
F1:        0.4218

结果已保存: results/seed_run25/results.json
=== 实验 5/5 完成 ===
